2020-05-08 15:12:21.152673: W tensorflow/stream_executor/platform/default/dso_loader.cc:55] Could not load dynamic library 'libnvinfer.so.6'; dlerror: libnvinfer.so.6: cannot open shared object file: No such file or directory; LD_LIBRARY_PATH: /usr/local/lib:/usr/lib/x86_64-linux-gnu:/usr/local/cuda/lib64:/usr/local/lib:/usr/lib/x86_64-linux-gnu:/usr/local/cuda/lib64
2020-05-08 15:12:21.153835: W tensorflow/stream_executor/platform/default/dso_loader.cc:55] Could not load dynamic library 'libnvinfer_plugin.so.6'; dlerror: libnvinfer_plugin.so.6: cannot open shared object file: No such file or directory; LD_LIBRARY_PATH: /usr/local/lib:/usr/lib/x86_64-linux-gnu:/usr/local/cuda/lib64:/usr/local/lib:/usr/lib/x86_64-linux-gnu:/usr/local/cuda/lib64
2020-05-08 15:12:21.154490: W tensorflow/compiler/tf2tensorrt/utils/py_utils.cc:30] Cannot dlopen some TensorRT libraries. If you would like to use Nvidia GPU with TensorRT, please make sure the missing libraries mentioned above are installed properly.
2020-05-08 15:12:22.054371: I tensorflow/stream_executor/platform/default/dso_loader.cc:44] Successfully opened dynamic library libcuda.so.1
2020-05-08 15:12:22.061244: I tensorflow/core/common_runtime/gpu/gpu_device.cc:1555] Found device 0 with properties: 
pciBusID: 0000:02:00.0 name: GeForce GTX 1070 computeCapability: 6.1
coreClock: 1.7465GHz coreCount: 15 deviceMemorySize: 7.93GiB deviceMemoryBandwidth: 238.66GiB/s
2020-05-08 15:12:22.062599: W tensorflow/stream_executor/platform/default/dso_loader.cc:55] Could not load dynamic library 'libcudart.so.10.1'; dlerror: libcudart.so.10.1: cannot open shared object file: No such file or directory; LD_LIBRARY_PATH: /usr/local/lib:/usr/lib/x86_64-linux-gnu:/usr/local/cuda/lib64:/usr/local/lib:/usr/lib/x86_64-linux-gnu:/usr/local/cuda/lib64
2020-05-08 15:12:22.063402: W tensorflow/stream_executor/platform/default/dso_loader.cc:55] Could not load dynamic library 'libcublas.so.10'; dlerror: libcublas.so.10: cannot open shared object file: No such file or directory; LD_LIBRARY_PATH: /usr/local/lib:/usr/lib/x86_64-linux-gnu:/usr/local/cuda/lib64:/usr/local/lib:/usr/lib/x86_64-linux-gnu:/usr/local/cuda/lib64
2020-05-08 15:12:22.064259: W tensorflow/stream_executor/platform/default/dso_loader.cc:55] Could not load dynamic library 'libcufft.so.10'; dlerror: libcufft.so.10: cannot open shared object file: No such file or directory; LD_LIBRARY_PATH: /usr/local/lib:/usr/lib/x86_64-linux-gnu:/usr/local/cuda/lib64:/usr/local/lib:/usr/lib/x86_64-linux-gnu:/usr/local/cuda/lib64
2020-05-08 15:12:22.064397: W tensorflow/stream_executor/platform/default/dso_loader.cc:55] Could not load dynamic library 'libcurand.so.10'; dlerror: libcurand.so.10: cannot open shared object file: No such file or directory; LD_LIBRARY_PATH: /usr/local/lib:/usr/lib/x86_64-linux-gnu:/usr/local/cuda/lib64:/usr/local/lib:/usr/lib/x86_64-linux-gnu:/usr/local/cuda/lib64
2020-05-08 15:12:22.064524: W tensorflow/stream_executor/platform/default/dso_loader.cc:55] Could not load dynamic library 'libcusolver.so.10'; dlerror: libcusolver.so.10: cannot open shared object file: No such file or directory; LD_LIBRARY_PATH: /usr/local/lib:/usr/lib/x86_64-linux-gnu:/usr/local/cuda/lib64:/usr/local/lib:/usr/lib/x86_64-linux-gnu:/usr/local/cuda/lib64
2020-05-08 15:12:22.064644: W tensorflow/stream_executor/platform/default/dso_loader.cc:55] Could not load dynamic library 'libcusparse.so.10'; dlerror: libcusparse.so.10: cannot open shared object file: No such file or directory; LD_LIBRARY_PATH: /usr/local/lib:/usr/lib/x86_64-linux-gnu:/usr/local/cuda/lib64:/usr/local/lib:/usr/lib/x86_64-linux-gnu:/usr/local/cuda/lib64
2020-05-08 15:12:22.068960: I tensorflow/stream_executor/platform/default/dso_loader.cc:44] Successfully opened dynamic library libcudnn.so.7
2020-05-08 15:12:22.068994: W tensorflow/core/common_runtime/gpu/gpu_device.cc:1592] Cannot dlopen some GPU libraries. Please make sure the missing libraries mentioned above are installed properly if you would like to use GPU. Follow the guide at https://www.tensorflow.org/install/gpu for how to download and setup the required libraries for your platform.
Skipping registering GPU devices...
2020-05-08 15:12:22.392087: I tensorflow/core/platform/cpu_feature_guard.cc:142] Your CPU supports instructions that this TensorFlow binary was not compiled to use: AVX2 FMA
2020-05-08 15:12:22.435742: I tensorflow/core/platform/profile_utils/cpu_utils.cc:94] CPU Frequency: 3599135000 Hz
2020-05-08 15:12:22.436356: I tensorflow/compiler/xla/service/service.cc:168] XLA service 0x55c60e655f90 initialized for platform Host (this does not guarantee that XLA will be used). Devices:
2020-05-08 15:12:22.436384: I tensorflow/compiler/xla/service/service.cc:176]   StreamExecutor device (0): Host, Default Version
2020-05-08 15:12:22.569452: I tensorflow/compiler/xla/service/service.cc:168] XLA service 0x55c60e6892e0 initialized for platform CUDA (this does not guarantee that XLA will be used). Devices:
2020-05-08 15:12:22.569497: I tensorflow/compiler/xla/service/service.cc:176]   StreamExecutor device (0): GeForce GTX 1070, Compute Capability 6.1
2020-05-08 15:12:22.569590: I tensorflow/core/common_runtime/gpu/gpu_device.cc:1096] Device interconnect StreamExecutor with strength 1 edge matrix:
2020-05-08 15:12:22.569602: I tensorflow/core/common_runtime/gpu/gpu_device.cc:1102]      
WARNING:tensorflow:AutoGraph could not transform <bound method RoiPooling.call of <__main__.RoiPooling object at 0x7f2d24090a20>> and will run it as-is.
Please report this to the TensorFlow team. When filing the bug, set the verbosity to 10 (on Linux, `export AUTOGRAPH_VERBOSITY=10`) and attach the full output.
Cause: Mangled names are not yet supported by AutoGraph
WARNING:tensorflow:AutoGraph could not transform <bound method RoiPooling.call of <__main__.RoiPooling object at 0x7f2d24090a20>> and will run it as-is.
Please report this to the TensorFlow team. When filing the bug, set the verbosity to 10 (on Linux, `export AUTOGRAPH_VERBOSITY=10`) and attach the full output.
Cause: Mangled names are not yet supported by AutoGraph
2033.7146
1850.1566
1694.1794
1556.0317
1434.069
1323.9862
1223.3516
1132.4204
1050.9125
977.7428
