2020-05-17 22:39:28.730320: I tensorflow/stream_executor/platform/default/dso_loader.cc:44] Successfully opened dynamic library libcuda.so.1
2020-05-17 22:39:29.125108: I tensorflow/core/common_runtime/gpu/gpu_device.cc:1618] Found device 0 with properties: 
name: GeForce GTX 1070 major: 6 minor: 1 memoryClockRate(GHz): 1.7465
pciBusID: 0000:02:00.0
2020-05-17 22:39:29.125510: I tensorflow/stream_executor/platform/default/dso_loader.cc:44] Successfully opened dynamic library libcudart.so.10.0
2020-05-17 22:39:29.127879: I tensorflow/stream_executor/platform/default/dso_loader.cc:44] Successfully opened dynamic library libcublas.so.10.0
2020-05-17 22:39:29.129725: I tensorflow/stream_executor/platform/default/dso_loader.cc:44] Successfully opened dynamic library libcufft.so.10.0
2020-05-17 22:39:29.130160: I tensorflow/stream_executor/platform/default/dso_loader.cc:44] Successfully opened dynamic library libcurand.so.10.0
2020-05-17 22:39:29.132738: I tensorflow/stream_executor/platform/default/dso_loader.cc:44] Successfully opened dynamic library libcusolver.so.10.0
2020-05-17 22:39:29.134699: I tensorflow/stream_executor/platform/default/dso_loader.cc:44] Successfully opened dynamic library libcusparse.so.10.0
2020-05-17 22:39:29.141008: I tensorflow/stream_executor/platform/default/dso_loader.cc:44] Successfully opened dynamic library libcudnn.so.7
2020-05-17 22:39:29.184531: I tensorflow/core/common_runtime/gpu/gpu_device.cc:1746] Adding visible gpu devices: 0
2020-05-17 22:39:29.185074: I tensorflow/core/platform/cpu_feature_guard.cc:142] Your CPU supports instructions that this TensorFlow binary was not compiled to use: AVX2 FMA
2020-05-17 22:39:29.195904: I tensorflow/core/platform/profile_utils/cpu_utils.cc:94] CPU Frequency: 3599135000 Hz
2020-05-17 22:39:29.196445: I tensorflow/compiler/xla/service/service.cc:168] XLA service 0x55c79a7c6040 executing computations on platform Host. Devices:
2020-05-17 22:39:29.196472: I tensorflow/compiler/xla/service/service.cc:175]   StreamExecutor device (0): Host, Default Version
2020-05-17 22:39:29.271201: I tensorflow/compiler/xla/service/service.cc:168] XLA service 0x55c79a7c76d0 executing computations on platform CUDA. Devices:
2020-05-17 22:39:29.271253: I tensorflow/compiler/xla/service/service.cc:175]   StreamExecutor device (0): GeForce GTX 1070, Compute Capability 6.1
2020-05-17 22:39:29.272494: I tensorflow/core/common_runtime/gpu/gpu_device.cc:1618] Found device 0 with properties: 
name: GeForce GTX 1070 major: 6 minor: 1 memoryClockRate(GHz): 1.7465
pciBusID: 0000:02:00.0
2020-05-17 22:39:29.272572: I tensorflow/stream_executor/platform/default/dso_loader.cc:44] Successfully opened dynamic library libcudart.so.10.0
2020-05-17 22:39:29.272606: I tensorflow/stream_executor/platform/default/dso_loader.cc:44] Successfully opened dynamic library libcublas.so.10.0
2020-05-17 22:39:29.272635: I tensorflow/stream_executor/platform/default/dso_loader.cc:44] Successfully opened dynamic library libcufft.so.10.0
2020-05-17 22:39:29.272664: I tensorflow/stream_executor/platform/default/dso_loader.cc:44] Successfully opened dynamic library libcurand.so.10.0
2020-05-17 22:39:29.272693: I tensorflow/stream_executor/platform/default/dso_loader.cc:44] Successfully opened dynamic library libcusolver.so.10.0
2020-05-17 22:39:29.272723: I tensorflow/stream_executor/platform/default/dso_loader.cc:44] Successfully opened dynamic library libcusparse.so.10.0
2020-05-17 22:39:29.272753: I tensorflow/stream_executor/platform/default/dso_loader.cc:44] Successfully opened dynamic library libcudnn.so.7
2020-05-17 22:39:29.275033: I tensorflow/core/common_runtime/gpu/gpu_device.cc:1746] Adding visible gpu devices: 0
2020-05-17 22:39:29.275121: I tensorflow/stream_executor/platform/default/dso_loader.cc:44] Successfully opened dynamic library libcudart.so.10.0
2020-05-17 22:39:29.277437: I tensorflow/core/common_runtime/gpu/gpu_device.cc:1159] Device interconnect StreamExecutor with strength 1 edge matrix:
2020-05-17 22:39:29.277471: I tensorflow/core/common_runtime/gpu/gpu_device.cc:1165]      0 
2020-05-17 22:39:29.277497: I tensorflow/core/common_runtime/gpu/gpu_device.cc:1178] 0:   N 
2020-05-17 22:39:29.279940: I tensorflow/core/common_runtime/gpu/gpu_device.cc:1304] Created TensorFlow device (/job:localhost/replica:0/task:0/device:GPU:0 with 7625 MB memory) -> physical GPU (device: 0, name: GeForce GTX 1070, pci bus id: 0000:02:00.0, compute capability: 6.1)
2020-05-17 22:39:31.356633: I tensorflow/stream_executor/platform/default/dso_loader.cc:44] Successfully opened dynamic library libcudnn.so.7
2020-05-17 22:39:32.649566: I tensorflow/stream_executor/platform/default/dso_loader.cc:44] Successfully opened dynamic library libcublas.so.10.0
